,number,value,datetime_start,datetime_complete,duration,params_colsample_bytree,params_lambdarank_num_pair_per_sample,params_learning_rate,params_max_depth,params_subsample,state
0,0,0.4206785983318292,2024-05-16 12:43:53.745491,2024-05-16 12:44:58.764491,0 days 00:01:05.019000,0.9772737042527808,6,0.14202089114368735,10,0.736599609111057,COMPLETE
1,1,0.42087808099575374,2024-05-16 12:44:58.764993,2024-05-16 12:45:48.042337,0 days 00:00:49.277344,0.7579352532474113,3,0.14506133959808337,7,0.8958064365338927,COMPLETE
2,2,0.42037050123113784,2024-05-16 12:45:48.042907,2024-05-16 12:46:35.489773,0 days 00:00:47.446866,0.6123121548289875,8,0.06039289806941578,3,0.9606261241204994,COMPLETE
3,3,0.4206454371750681,2024-05-16 12:46:35.490230,2024-05-16 12:47:32.687270,0 days 00:00:57.197040,0.830921956324131,8,0.13570110521129827,7,0.9533423673422528,COMPLETE
4,4,0.4206316879013225,2024-05-16 12:47:32.688122,2024-05-16 12:48:45.912805,0 days 00:01:13.224683,0.9823865632880444,7,0.0876126742611903,7,0.7940183652604016,COMPLETE
5,5,0.42058260840454686,2024-05-16 12:48:45.913663,2024-05-16 12:49:42.681000,0 days 00:00:56.767337,0.8354769530933577,6,0.17016305238666868,5,0.9329185093789099,COMPLETE
6,6,0.4209646366483549,2024-05-16 12:49:42.681463,2024-05-16 12:50:42.321023,0 days 00:00:59.639560,0.5297261954576888,4,0.163435551152291,10,0.8716657255425893,COMPLETE
7,7,0.42061397556666363,2024-05-16 12:50:42.321513,2024-05-16 12:51:31.885699,0 days 00:00:49.564186,0.742657794432684,4,0.1007889930720159,5,0.7003564908541463,COMPLETE
8,8,0.4206752875832608,2024-05-16 12:51:31.886114,2024-05-16 12:52:45.765665,0 days 00:01:13.879551,0.8263966328762004,9,0.033541232475595636,10,0.9924586551648993,COMPLETE
9,9,0.4206976559268681,2024-05-16 12:52:45.766075,2024-05-16 12:53:58.304044,0 days 00:01:12.537969,0.9700087182223636,9,0.13934166990491242,9,0.5863476655416684,COMPLETE
10,10,0.4211928406626523,2024-05-16 12:53:58.304462,2024-05-16 12:54:51.807931,0 days 00:00:53.503469,0.5098861528795354,2,0.18654732888773493,9,0.8325860926013617,COMPLETE
11,11,0.42120428521820924,2024-05-16 12:54:51.808361,2024-05-16 12:55:44.595602,0 days 00:00:52.787241,0.5018686556888157,2,0.19285971558590675,9,0.8440616444474508,COMPLETE
12,12,0.42111740308057327,2024-05-16 12:55:44.596050,2024-05-16 12:56:35.086743,0 days 00:00:50.490693,0.505164305973267,2,0.19692006298478382,8,0.8143194987449798,COMPLETE
13,13,0.4211943704839349,2024-05-16 12:56:35.087174,2024-05-16 12:57:29.172284,0 days 00:00:54.085110,0.5929904020172483,2,0.19920775866905813,9,0.6620293538004421,COMPLETE
14,14,0.42085317949198664,2024-05-16 12:57:29.172686,2024-05-16 12:58:28.075013,0 days 00:00:58.902327,0.620252888318276,4,0.17870546435508577,8,0.6593032787341206,COMPLETE
15,15,0.421100325358212,2024-05-16 12:58:28.076054,2024-05-16 12:59:24.256465,0 days 00:00:56.180411,0.6229113905115242,2,0.1998682179503577,9,0.5199963979337829,COMPLETE
16,16,0.42066536454071707,2024-05-16 12:59:24.256906,2024-05-16 13:00:20.249359,0 days 00:00:55.992453,0.6617702422515965,5,0.11699943516093804,6,0.6423456549621301,COMPLETE
17,17,0.42096987802429636,2024-05-16 13:00:20.249844,2024-05-16 13:01:13.291944,0 days 00:00:53.042100,0.5670139833398311,3,0.012764386946361547,8,0.7561970962489505,COMPLETE
18,18,0.42053027990649466,2024-05-16 13:01:13.292410,2024-05-16 13:01:59.337773,0 days 00:00:46.045363,0.6971160847641722,3,0.1626700376725998,3,0.5518747971875564,COMPLETE
19,19,0.4208051729766269,2024-05-16 13:01:59.338281,2024-05-16 13:03:00.952054,0 days 00:01:01.613773,0.5613312229553982,5,0.12036442718480868,9,0.6345625204461749,COMPLETE
20,20,0.4208464141386266,2024-05-16 13:03:00.952482,2024-05-16 13:03:49.425660,0 days 00:00:48.473178,0.5698375745072373,2,0.080544926419481,6,0.7090504172197032,COMPLETE
21,21,0.4212888875460569,2024-05-16 13:03:49.426131,2024-05-16 13:04:43.283361,0 days 00:00:53.857230,0.5008326343858435,2,0.18536193361486392,9,0.8272952883396716,COMPLETE
22,22,0.4210174112651555,2024-05-16 13:04:43.283833,2024-05-16 13:05:38.261835,0 days 00:00:54.978002,0.548737157900183,3,0.1828444684130711,8,0.8636616870155672,COMPLETE
23,23,0.4213787298599791,2024-05-16 13:05:38.262313,2024-05-16 13:06:34.661643,0 days 00:00:56.399330,0.5026332317353907,2,0.1624973165257865,10,0.7751828650894382,COMPLETE
24,24,0.4210508131144901,2024-05-16 13:06:34.662126,2024-05-16 13:07:34.103487,0 days 00:00:59.441361,0.5013672451015566,3,0.15582077272815717,10,0.7797007776407732,COMPLETE
25,25,0.4206524893839741,2024-05-16 13:07:34.103888,2024-05-16 13:08:48.385526,0 days 00:01:14.281638,0.6555623392580832,10,0.1763222397031092,10,0.8416058504956413,COMPLETE
26,26,0.4208140222161421,2024-05-16 13:08:48.385931,2024-05-16 13:09:54.727466,0 days 00:01:06.341535,0.9165350196253437,5,0.1518765201999442,9,0.9121314387529386,COMPLETE
27,27,0.4208300521923298,2024-05-16 13:09:54.727888,2024-05-16 13:10:51.650447,0 days 00:00:56.922559,0.5368465549021264,4,0.18670440598855845,8,0.7648414705022689,COMPLETE
28,28,0.4213928201854558,2024-05-16 13:10:51.650902,2024-05-16 13:11:50.138347,0 days 00:00:58.487445,0.5884555445853439,2,0.12867003652542042,10,0.80905025744966,COMPLETE
29,29,0.421075400404239,2024-05-16 13:11:50.139395,2024-05-16 13:12:50.844817,0 days 00:01:00.705422,0.5878972099957173,3,0.12721915698200467,10,0.7290104788381352,COMPLETE
30,30,0.42078768917099185,2024-05-16 13:12:50.845240,2024-05-16 13:13:56.140741,0 days 00:01:05.295501,0.6616404870271725,5,0.10491507557150768,10,0.7971817763869711,COMPLETE
31,31,0.4213313895854922,2024-05-16 13:13:56.141275,2024-05-16 13:14:52.798405,0 days 00:00:56.657130,0.5341163694514093,2,0.16912518709876911,10,0.8543497123242274,COMPLETE
32,32,0.4213717264434071,2024-05-16 13:14:52.798830,2024-05-16 13:15:48.699032,0 days 00:00:55.900202,0.5387304452687743,2,0.152113294298864,10,0.8811866663135957,COMPLETE
33,33,0.4210628743468235,2024-05-16 13:15:48.699436,2024-05-16 13:16:48.689017,0 days 00:00:59.989581,0.5408792256985481,3,0.14637545557573536,10,0.8855142442391408,COMPLETE
34,34,0.4213726122701536,2024-05-16 13:16:48.689465,2024-05-16 13:17:46.055256,0 days 00:00:57.365791,0.5965888667336063,2,0.16106589209199218,10,0.9150745257213935,COMPLETE
35,35,0.42108820760177484,2024-05-16 13:17:46.055702,2024-05-16 13:18:46.901233,0 days 00:01:00.845531,0.6970522330997109,3,0.13492290599636897,10,0.9147347049842534,COMPLETE
36,36,0.4204450761233493,2024-05-16 13:18:46.901642,2024-05-16 13:19:40.291070,0 days 00:00:53.389428,0.595255360889488,7,0.1526264077152941,4,0.9667842364988923,COMPLETE
37,37,0.4208273089289298,2024-05-16 13:19:40.292135,2024-05-16 13:20:34.048452,0 days 00:00:53.756317,0.6240881062499081,4,0.12886693492052506,7,0.9364551599624492,COMPLETE
38,38,0.42127944028589287,2024-05-16 13:20:34.048857,2024-05-16 13:21:33.108301,0 days 00:00:59.059444,0.7713933983620507,2,0.11433237700557294,10,0.8828370873642918,COMPLETE
39,39,0.4208678408909654,2024-05-16 13:21:33.108722,2024-05-16 13:22:35.024668,0 days 00:01:01.915946,0.7068392134773873,4,0.09086907325566299,9,0.8073599377001157,COMPLETE
40,40,0.4205503396801918,2024-05-16 13:22:35.025106,2024-05-16 13:23:27.204143,0 days 00:00:52.179037,0.6490551503869574,7,0.14340957245954258,4,0.9804423036026575,COMPLETE
41,41,0.4213788765501305,2024-05-16 13:23:27.204585,2024-05-16 13:24:22.435877,0 days 00:00:55.231292,0.529082745271287,2,0.16730840494569016,10,0.9041202104590337,COMPLETE
42,42,0.4213990986664657,2024-05-16 13:24:22.436337,2024-05-16 13:25:21.128229,0 days 00:00:58.691892,0.5898634391239373,2,0.16331540350491874,10,0.9046315700321794,COMPLETE
43,43,0.42110034752428993,2024-05-16 13:25:21.128751,2024-05-16 13:26:23.039167,0 days 00:01:01.910416,0.5715226296352742,3,0.16432876671383173,10,0.9374021255788813,COMPLETE
44,44,0.421174667120735,2024-05-16 13:26:23.039760,2024-05-16 13:27:19.390816,0 days 00:00:56.351056,0.59831178236051,2,0.1732352194494795,9,0.9181937897934996,COMPLETE
45,45,0.42115541035062043,2024-05-16 13:27:19.391235,2024-05-16 13:28:21.569719,0 days 00:01:02.178484,0.6390408895139571,3,0.16123823673697332,10,0.9034986699639226,COMPLETE
46,46,0.4213403911798857,2024-05-16 13:28:21.570136,2024-05-16 13:29:15.226615,0 days 00:00:53.656479,0.5274934654988059,2,0.06251251204347788,9,0.7368405118949767,COMPLETE
47,47,0.4213879334188351,2024-05-16 13:29:15.227062,2024-05-16 13:30:11.965165,0 days 00:00:56.738103,0.5807492308009483,2,0.1331872775057474,10,0.9576086161244995,COMPLETE
48,48,0.42100026836935067,2024-05-16 13:30:11.965568,2024-05-16 13:31:09.382507,0 days 00:00:57.416939,0.5230225496672564,3,0.13452484973885837,9,0.956418791521386,COMPLETE
49,49,0.42105073779085955,2024-05-16 13:31:09.382939,2024-05-16 13:32:03.557507,0 days 00:00:54.174568,0.7978613728241895,2,0.12448268577629676,8,0.9983681271719512,COMPLETE
